0 info it worked if it ends with ok
1 verbose cli [ 'node', '/Users/vl/.node/bin/npm', 'publish' ]
2 info using npm@2.6.1
3 info using node@v0.12.0
4 verbose node symlink /usr/local/bin/node
5 verbose publish [ '.' ]
6 silly cache add args [ '.', null ]
7 verbose cache add spec .
8 silly cache add parsed spec { raw: '.',
8 silly cache add   scope: null,
8 silly cache add   name: null,
8 silly cache add   rawSpec: '.',
8 silly cache add   spec: '/Users/vl/Dropbox/Work/code/_archived/generator-flask-materialize',
8 silly cache add   type: 'directory' }
9 verbose addLocalDirectory /Users/vl/.npm/generator-flask-materialize/0.0.7/package.tgz not in flight; packing
10 verbose tar pack [ '/Users/vl/.npm/generator-flask-materialize/0.0.7/package.tgz',
10 verbose tar pack   '/Users/vl/Dropbox/Work/code/_archived/generator-flask-materialize' ]
11 verbose tarball /Users/vl/.npm/generator-flask-materialize/0.0.7/package.tgz
12 verbose folder /Users/vl/Dropbox/Work/code/_archived/generator-flask-materialize
13 info prepublish generator-flask-materialize@0.0.7
14 verbose addLocalTarball adding from inside cache /Users/vl/.npm/generator-flask-materialize/0.0.7/package.tgz
15 silly cache afterAdd generator-flask-materialize@0.0.7
16 verbose afterAdd /Users/vl/.npm/generator-flask-materialize/0.0.7/package/package.json not in flight; writing
17 verbose afterAdd /Users/vl/.npm/generator-flask-materialize/0.0.7/package/package.json written
18 silly publish { name: 'generator-flask-materialize',
18 silly publish   version: '0.0.7',
18 silly publish   description: 'Yeoman generator for Flask project to be deployed to materialize',
18 silly publish   homepage: 'https://github.com/arudmin/generator-flask-materialize',
18 silly publish   author:
18 silly publish    { name: 'Vladimir Zhelyabovskiy',
18 silly publish      email: 'spb-vladimir@yandex.com',
18 silly publish      url: 'https://github.com/arudmin/' },
18 silly publish   repository:
18 silly publish    { type: 'git',
18 silly publish      url: 'https://github.com/arudmin/generator-flask-materialize.git' },
18 silly publish   bugs:
18 silly publish    { url: 'https://github.com/arudmin/generator-flask-materialize/issues',
18 silly publish      email: 'spb-vladimir@yandex.com' },
18 silly publish   dependencies: { 'yeoman-generator': '>=0.13.4' },
18 silly publish   peerDependencies: { yo: '>=1.0.4' },
18 silly publish   engines: { node: '>=0.8.0', npm: '>=1.2.10' },
18 silly publish   keywords:
18 silly publish    [ 'yeoman',
18 silly publish      'yeoman-generator',
18 silly publish      'flask-generator',
18 silly publish      'python',
18 silly publish      'materialize',
18 silly publish      'dokku',
18 silly publish      'flask',
18 silly publish      'yo',
18 silly publish      'frameworks',
18 silly publish      'micro frameworks',
18 silly publish      'generator',
18 silly publish      'cli',
18 silly publish      'heroku',
18 silly publish      'tool',
18 silly publish      'development' ],
18 silly publish   readme: '![](http://i.imgur.com/ZsCRamv.jpg)\n# Yeoman Flask Generator for Heroku with Materialize CSS Framework\n\n  Generator to use Yeoman on a Flask project then deploying on Heroku platform.\n\n  For more informations about Yeoman, see [yeoman.io](http://yeoman.io/)\n\n  For more informations about Materialize CSS, see [materializecss.com](http://materializecss.com/)\n  \n  For more informations about Flask, see [flask.pocoo.org](http://flask.pocoo.org/)\n  \n  For more informations about Heroku, see [heroku.com](http://heroku.com/)\n\n\n## Installation\n\n  `$ npm install -g generator-flask-materialize`\n\n### Init\n\n  Generates a new Flask app with all the basic files you need.\n  \n  `$ yo flask-materialize`\n\n### Preparing\n\n1.  Install [virtualenv](https://virtualenv.pypa.io/en/latest/installation.html) and activate it.\n  \n  `$ virtualenv venv && source venv/bin/activate`\n  \n2.  Install [pip package manager](https://pip.pypa.io/en/latest/installing.html)\n  \n3.  Then install flask required depensies.\n\n  `$ pip install -r requirements.txt`\n  \n### Deployment to Heroku\n\n  `$ git init`\n  \n  `$ git add .`\n  \n  `$ git commit -am "first commit"`\n  \n  `$ heroku create [app-name]`\n  \n  `$ git push heroku master`\n  \n  `$ heroku open`\n\n### Local\n\n  `$ venv/bin/python ./server.py`\n\n  Your application will be available at `127.0.0.1:5000`.\n\n### Build\n\n  If you decided to use [Frozen Flask](http://packages.python.org/Frozen-Flask/), run `$ python freeze.py` to build a static version of your app.\n',
18 silly publish   readmeFilename: 'README.md',
18 silly publish   gitHead: 'a2db73702df9c2f1425d28ecaffc2359c7a91445',
18 silly publish   _id: 'generator-flask-materialize@0.0.7',
18 silly publish   scripts: {},
18 silly publish   _shasum: 'a6eed584cbd92db99b8f492897d667d4d80ab7aa',
18 silly publish   _from: '.' }
19 silly mapToRegistry name generator-flask-materialize
20 silly mapToRegistry using default registry
21 silly mapToRegistry registry https://registry.npmjs.org/
22 silly mapToRegistry uri https://registry.npmjs.org/generator-flask-materialize
23 verbose publish registryBase https://registry.npmjs.org/
24 silly publish uploading /Users/vl/.npm/generator-flask-materialize/0.0.7/package.tgz
25 verbose request uri https://registry.npmjs.org/generator-flask-materialize
26 verbose request sending authorization for write operation
27 info attempt registry request try #1 at 05:40:56
28 verbose request id d66ce7ce869c4eb4
29 http request PUT https://registry.npmjs.org/generator-flask-materialize
30 http 403 https://registry.npmjs.org/generator-flask-materialize
31 verbose headers { date: 'Wed, 11 Mar 2015 02:40:59 GMT',
31 verbose headers   server: 'CouchDB/1.5.0 (Erlang OTP/R16B03)',
31 verbose headers   'content-type': 'application/json',
31 verbose headers   'cache-control': 'max-age=60',
31 verbose headers   'content-length': '5017',
31 verbose headers   'accept-ranges': 'bytes',
31 verbose headers   via: '1.1 varnish',
31 verbose headers   'x-served-by': 'cache-ams4120-AMS',
31 verbose headers   'x-cache': 'MISS',
31 verbose headers   'x-cache-hits': '0',
31 verbose headers   'x-timer': 'S1426041656.711364,VS0,VE2546',
31 verbose headers   'keep-alive': 'timeout=10, max=50',
31 verbose headers   connection: 'Keep-Alive' }
32 verbose request invalidating /Users/vl/.npm/registry.npmjs.org/generator-flask-materialize on PUT
33 error publish Failed PUT 403
34 verbose stack Error: forbidden cannot modify pre-existing version: 0.0.7
34 verbose stack old={"name":"generator-flask-materialize","version":"0.0.7","description":"Yeoman generator for Flask project to be deployed to materialize","homepage":"https://github.com/arudmin/generator-flask-materialize","author":{"name":"Vladimir Zhelyabovskiy","email":"spb-vladimir@yandex.com","url":"https://github.com/arudmin/"},"repository":{"type":"git","url":"https://github.com/arudmin/generator-flask-materialize.git"},"bugs":{"url":"https://github.com/arudmin/generator-flask-materialize/issues","email":"spb-vladimir@yandex.com"},"dependencies":{"yeoman-generator":">=0.13.4"},"peerDependencies":{"yo":">=1.0.4"},"engines":{"node":">=0.8.0","npm":">=1.2.10"},"keywords":["yeoman","yeoman-generator","flask-generator","python","materialize","dokku","flask","yo","frameworks","micro frameworks","generator","cli","heroku","tool","development"],"gitHead":"3610ec9594b5f65aae4277e2c0dd4d8128072f2e","_id":"generator-flask-materialize@0.0.7","scripts":{},"_shasum":"ce0c037ca5785c6f9628ad0c6914cf861d73c44e","_from":".","_npmVersion":"2.6.1","_nodeVersion":"0.12.0","_npmUser":{"name":"arudmin","email":"spb-vladimir@yandex.com"},"maintainers":[{"name":"arudmin","email":"spb-vladimir@yandex.com"}],"dist":{"shasum":"ce0c037ca5785c6f9628ad0c6914cf861d73c44e","tarball":"http://registry.npmjs.org/generator-flask-materialize/-/generator-flask-materialize-0.0.7.tgz"}}
34 verbose stack new={"name":"generator-flask-materialize","version":"0.0.7","description":"Yeoman generator for Flask project to be deployed to materialize","homepage":"https://github.com/arudmin/generator-flask-materialize","author":{"name":"Vladimir Zhelyabovskiy","email":"spb-vladimir@yandex.com","url":"https://github.com/arudmin/"},"repository":{"type":"git","url":"https://github.com/arudmin/generator-flask-materialize.git"},"bugs":{"url":"https://github.com/arudmin/generator-flask-materialize/issues","email":"spb-vladimir@yandex.com"},"dependencies":{"yeoman-generator":">=0.13.4"},"peerDependencies":{"yo":">=1.0.4"},"engines":{"node":">=0.8.0","npm":">=1.2.10"},"keywords":["yeoman","yeoman-generator","flask-generator","python","materialize","dokku","flask","yo","frameworks","micro frameworks","generator","cli","heroku","tool","development"],"readme":"![](http://i.imgur.com/ZsCRamv.jpg)\u000a# Yeoman Flask Generator for Heroku with Materialize CSS Framework\u000a\u000a  Generator to use Yeoman on a Flask project then deploying on Heroku platform.\u000a\u000a  For more informations about Yeoman, see [yeoman.io](http://yeoman.io/)\u000a\u000a  For more informations about Materialize CSS, see [materializecss.com](http://materializecss.com/)\u000a  \u000a  For more informations about Flask, see [flask.pocoo.org](http://flask.pocoo.org/)\u000a  \u000a  For more informations about Heroku, see [heroku.com](http://heroku.com/)\u000a\u000a\u000a## Installation\u000a\u000a  `$ npm install -g generator-flask-materialize`\u000a\u000a### Init\u000a\u000a  Generates a new Flask app with all the basic files you need.\u000a  \u000a  `$ yo flask-materialize`\u000a\u000a### Preparing\u000a\u000a1.  Install [virtualenv](https://virtualenv.pypa.io/en/latest/installation.html) and activate it.\u000a  \u000a  `$ virtualenv venv && source venv/bin/activate`\u000a  \u000a2.  Install [pip package manager](https://pip.pypa.io/en/latest/installing.html)\u000a  \u000a3.  Then install flask required depensies.\u000a\u000a  `$ pip install -r requirements.txt`\u000a  \u000a### Deployment to Heroku\u000a\u000a  `$ git init`\u000a  \u000a  `$ git add .`\u000a  \u000a  `$ git commit -am \"first commit\"`\u000a  \u000a  `$ heroku create [app-name]`\u000a  \u000a  `$ git push heroku master`\u000a  \u000a  `$ heroku open`\u000a\u000a### Local\u000a\u000a  `$ venv/bin/python ./server.py`\u000a\u000a  Your application will be available at `127.0.0.1:5000`.\u000a\u000a### Build\u000a\u000a  If you decided to use [Frozen Flask](http://packages.python.org/Frozen-Flask/), run `$ python freeze.py` to build a static version of your app.\u000a","readmeFilename":"README.md","gitHead":"a2db73702df9c2f1425d28ecaffc2359c7a91445","_id":"generator-flask-materialize@0.0.7","scripts":{},"_shasum":"a6eed584cbd92db99b8f492897d667d4d80ab7aa","_from":".","_npmVersion":"2.6.1","_nodeVersion":"0.12.0","_npmUser":{"name":"arudmin","email":"spb-vladimir@yandex.com"},"maintainers":[{"name":"arudmin","email":"spb-vladimir@yandex.com"}],"dist":{"shasum":"a6eed584cbd92db99b8f492897d667d4d80ab7aa","tarball":"http://registry.npmjs.org/generator-flask-materialize/-/generator-flask-materialize-0.0.7.tgz"}}: generator-flask-materialize
34 verbose stack     at CachingRegistryClient.<anonymous> (/Users/vl/.node/lib/node_modules/npm/node_modules/npm-registry-client/lib/request.js:254:14)
34 verbose stack     at Request._callback (/Users/vl/.node/lib/node_modules/npm/node_modules/npm-registry-client/lib/request.js:178:14)
34 verbose stack     at Request.self.callback (/Users/vl/.node/lib/node_modules/npm/node_modules/request/request.js:344:22)
34 verbose stack     at Request.emit (events.js:110:17)
34 verbose stack     at Request.<anonymous> (/Users/vl/.node/lib/node_modules/npm/node_modules/request/request.js:1239:14)
34 verbose stack     at Request.emit (events.js:129:20)
34 verbose stack     at IncomingMessage.<anonymous> (/Users/vl/.node/lib/node_modules/npm/node_modules/request/request.js:1187:12)
34 verbose stack     at IncomingMessage.emit (events.js:129:20)
34 verbose stack     at _stream_readable.js:908:16
34 verbose stack     at process._tickCallback (node.js:355:11)
35 verbose statusCode 403
36 verbose pkgid generator-flask-materialize
37 verbose cwd /Users/vl/Dropbox/Work/code/_archived/generator-flask-materialize
38 error Darwin 14.1.0
39 error argv "node" "/Users/vl/.node/bin/npm" "publish"
40 error node v0.12.0
41 error npm  v2.6.1
42 error code E403
43 error forbidden cannot modify pre-existing version: 0.0.7
43 error old={"name":"generator-flask-materialize","version":"0.0.7","description":"Yeoman generator for Flask project to be deployed to materialize","homepage":"https://github.com/arudmin/generator-flask-materialize","author":{"name":"Vladimir Zhelyabovskiy","email":"spb-vladimir@yandex.com","url":"https://github.com/arudmin/"},"repository":{"type":"git","url":"https://github.com/arudmin/generator-flask-materialize.git"},"bugs":{"url":"https://github.com/arudmin/generator-flask-materialize/issues","email":"spb-vladimir@yandex.com"},"dependencies":{"yeoman-generator":">=0.13.4"},"peerDependencies":{"yo":">=1.0.4"},"engines":{"node":">=0.8.0","npm":">=1.2.10"},"keywords":["yeoman","yeoman-generator","flask-generator","python","materialize","dokku","flask","yo","frameworks","micro frameworks","generator","cli","heroku","tool","development"],"gitHead":"3610ec9594b5f65aae4277e2c0dd4d8128072f2e","_id":"generator-flask-materialize@0.0.7","scripts":{},"_shasum":"ce0c037ca5785c6f9628ad0c6914cf861d73c44e","_from":".","_npmVersion":"2.6.1","_nodeVersion":"0.12.0","_npmUser":{"name":"arudmin","email":"spb-vladimir@yandex.com"},"maintainers":[{"name":"arudmin","email":"spb-vladimir@yandex.com"}],"dist":{"shasum":"ce0c037ca5785c6f9628ad0c6914cf861d73c44e","tarball":"http://registry.npmjs.org/generator-flask-materialize/-/generator-flask-materialize-0.0.7.tgz"}}
43 error new={"name":"generator-flask-materialize","version":"0.0.7","description":"Yeoman generator for Flask project to be deployed to materialize","homepage":"https://github.com/arudmin/generator-flask-materialize","author":{"name":"Vladimir Zhelyabovskiy","email":"spb-vladimir@yandex.com","url":"https://github.com/arudmin/"},"repository":{"type":"git","url":"https://github.com/arudmin/generator-flask-materialize.git"},"bugs":{"url":"https://github.com/arudmin/generator-flask-materialize/issues","email":"spb-vladimir@yandex.com"},"dependencies":{"yeoman-generator":">=0.13.4"},"peerDependencies":{"yo":">=1.0.4"},"engines":{"node":">=0.8.0","npm":">=1.2.10"},"keywords":["yeoman","yeoman-generator","flask-generator","python","materialize","dokku","flask","yo","frameworks","micro frameworks","generator","cli","heroku","tool","development"],"readme":"![](http://i.imgur.com/ZsCRamv.jpg)\u000a# Yeoman Flask Generator for Heroku with Materialize CSS Framework\u000a\u000a  Generator to use Yeoman on a Flask project then deploying on Heroku platform.\u000a\u000a  For more informations about Yeoman, see [yeoman.io](http://yeoman.io/)\u000a\u000a  For more informations about Materialize CSS, see [materializecss.com](http://materializecss.com/)\u000a  \u000a  For more informations about Flask, see [flask.pocoo.org](http://flask.pocoo.org/)\u000a  \u000a  For more informations about Heroku, see [heroku.com](http://heroku.com/)\u000a\u000a\u000a## Installation\u000a\u000a  `$ npm install -g generator-flask-materialize`\u000a\u000a### Init\u000a\u000a  Generates a new Flask app with all the basic files you need.\u000a  \u000a  `$ yo flask-materialize`\u000a\u000a### Preparing\u000a\u000a1.  Install [virtualenv](https://virtualenv.pypa.io/en/latest/installation.html) and activate it.\u000a  \u000a  `$ virtualenv venv && source venv/bin/activate`\u000a  \u000a2.  Install [pip package manager](https://pip.pypa.io/en/latest/installing.html)\u000a  \u000a3.  Then install flask required depensies.\u000a\u000a  `$ pip install -r requirements.txt`\u000a  \u000a### Deployment to Heroku\u000a\u000a  `$ git init`\u000a  \u000a  `$ git add .`\u000a  \u000a  `$ git commit -am \"first commit\"`\u000a  \u000a  `$ heroku create [app-name]`\u000a  \u000a  `$ git push heroku master`\u000a  \u000a  `$ heroku open`\u000a\u000a### Local\u000a\u000a  `$ venv/bin/python ./server.py`\u000a\u000a  Your application will be available at `127.0.0.1:5000`.\u000a\u000a### Build\u000a\u000a  If you decided to use [Frozen Flask](http://packages.python.org/Frozen-Flask/), run `$ python freeze.py` to build a static version of your app.\u000a","readmeFilename":"README.md","gitHead":"a2db73702df9c2f1425d28ecaffc2359c7a91445","_id":"generator-flask-materialize@0.0.7","scripts":{},"_shasum":"a6eed584cbd92db99b8f492897d667d4d80ab7aa","_from":".","_npmVersion":"2.6.1","_nodeVersion":"0.12.0","_npmUser":{"name":"arudmin","email":"spb-vladimir@yandex.com"},"maintainers":[{"name":"arudmin","email":"spb-vladimir@yandex.com"}],"dist":{"shasum":"a6eed584cbd92db99b8f492897d667d4d80ab7aa","tarball":"http://registry.npmjs.org/generator-flask-materialize/-/generator-flask-materialize-0.0.7.tgz"}}: generator-flask-materialize
44 error If you need help, you may report this error at:
44 error     <http://github.com/npm/npm/issues>
45 verbose exit [ 1, true ]
